ERROR - 2022-12-25 23:07:19 --> mysqli_sql_exception: Column 'user_id' in where clause is ambiguous in /var/www/html/myProject/system/Database/MySQLi/Connection.php:292
Stack trace:
#0 /var/www/html/myProject/system/Database/MySQLi/Connection.php(292): mysqli->query()
#1 /var/www/html/myProject/system/Database/BaseConnection.php(666): CodeIgniter\Database\MySQLi\Connection->execute()
#2 /var/www/html/myProject/system/Database/BaseConnection.php(593): CodeIgniter\Database\BaseConnection->simpleQuery()
#3 /var/www/html/myProject/system/Database/BaseBuilder.php(1585): CodeIgniter\Database\BaseConnection->query()
#4 /var/www/html/myProject/app/Models/RegisterModel.php(101): CodeIgniter\Database\BaseBuilder->get()
#5 /var/www/html/myProject/app/Controllers/FbController.php(83): App\Models\RegisterModel->displayprofile()
#6 /var/www/html/myProject/system/CodeIgniter.php(927): App\Controllers\FbController->home()
#7 /var/www/html/myProject/system/CodeIgniter.php(482): CodeIgniter\CodeIgniter->runController()
#8 /var/www/html/myProject/system/CodeIgniter.php(351): CodeIgniter\CodeIgniter->handleRequest()
#9 /var/www/html/myProject/index.php(67): CodeIgniter\CodeIgniter->run()
#10 {main}
CRITICAL - 2022-12-25 23:07:19 --> Column 'user_id' in where clause is ambiguous
in SYSTEMPATH/Database/MySQLi/Connection.php on line 292.
 1 SYSTEMPATH/Database/MySQLi/Connection.php(292): mysqli->query()
 2 SYSTEMPATH/Database/BaseConnection.php(666): CodeIgniter\Database\MySQLi\Connection->execute()
 3 SYSTEMPATH/Database/BaseConnection.php(593): CodeIgniter\Database\BaseConnection->simpleQuery()
 4 SYSTEMPATH/Database/BaseBuilder.php(1585): CodeIgniter\Database\BaseConnection->query()
 5 APPPATH/Models/RegisterModel.php(101): CodeIgniter\Database\BaseBuilder->get()
 6 APPPATH/Controllers/FbController.php(83): App\Models\RegisterModel->displayprofile()
 7 SYSTEMPATH/CodeIgniter.php(927): App\Controllers\FbController->home()
 8 SYSTEMPATH/CodeIgniter.php(482): CodeIgniter\CodeIgniter->runController()
 9 SYSTEMPATH/CodeIgniter.php(351): CodeIgniter\CodeIgniter->handleRequest()
10 FCPATH/index.php(67): CodeIgniter\CodeIgniter->run()
CRITICAL - 2022-12-25 23:09:03 --> Undefined variable: posts
in APPPATH/Views/pages/home_content.php on line 140.
 1 APPPATH/Views/pages/home_content.php(140): CodeIgniter\Debug\Exceptions->errorHandler()
 2 SYSTEMPATH/View/View.php(213): include('APPPATH/Views/pages/home_content.php')
 3 SYSTEMPATH/View/View.php(216): CodeIgniter\View\View->CodeIgniter\View\{closure}()
 4 SYSTEMPATH/Common.php(1134): CodeIgniter\View\View->render()
 5 APPPATH/Controllers/FbController.php(87): view()
 6 SYSTEMPATH/CodeIgniter.php(927): App\Controllers\FbController->home()
 7 SYSTEMPATH/CodeIgniter.php(482): CodeIgniter\CodeIgniter->runController()
 8 SYSTEMPATH/CodeIgniter.php(351): CodeIgniter\CodeIgniter->handleRequest()
 9 FCPATH/index.php(67): CodeIgniter\CodeIgniter->run()
CRITICAL - 2022-12-25 23:19:37 --> Invalid argument supplied for foreach()
in APPPATH/Views/pages/home_content.php on line 140.
 1 APPPATH/Views/pages/home_content.php(140): CodeIgniter\Debug\Exceptions->errorHandler()
 2 SYSTEMPATH/View/View.php(213): include('APPPATH/Views/pages/home_content.php')
 3 SYSTEMPATH/View/View.php(216): CodeIgniter\View\View->CodeIgniter\View\{closure}()
 4 SYSTEMPATH/Common.php(1134): CodeIgniter\View\View->render()
 5 APPPATH/Controllers/FbController.php(89): view()
 6 SYSTEMPATH/CodeIgniter.php(927): App\Controllers\FbController->home()
 7 SYSTEMPATH/CodeIgniter.php(482): CodeIgniter\CodeIgniter->runController()
 8 SYSTEMPATH/CodeIgniter.php(351): CodeIgniter\CodeIgniter->handleRequest()
 9 FCPATH/index.php(67): CodeIgniter\CodeIgniter->run()
CRITICAL - 2022-12-25 23:20:22 --> Invalid argument supplied for foreach()
in APPPATH/Views/pages/home_content.php on line 140.
 1 APPPATH/Views/pages/home_content.php(140): CodeIgniter\Debug\Exceptions->errorHandler()
 2 SYSTEMPATH/View/View.php(213): include('APPPATH/Views/pages/home_content.php')
 3 SYSTEMPATH/View/View.php(216): CodeIgniter\View\View->CodeIgniter\View\{closure}()
 4 SYSTEMPATH/Common.php(1134): CodeIgniter\View\View->render()
 5 APPPATH/Controllers/FbController.php(89): view()
 6 SYSTEMPATH/CodeIgniter.php(927): App\Controllers\FbController->home()
 7 SYSTEMPATH/CodeIgniter.php(482): CodeIgniter\CodeIgniter->runController()
 8 SYSTEMPATH/CodeIgniter.php(351): CodeIgniter\CodeIgniter->handleRequest()
 9 FCPATH/index.php(67): CodeIgniter\CodeIgniter->run()
CRITICAL - 2022-12-25 23:20:27 --> Invalid argument supplied for foreach()
in APPPATH/Views/pages/home_content.php on line 140.
 1 APPPATH/Views/pages/home_content.php(140): CodeIgniter\Debug\Exceptions->errorHandler()
 2 SYSTEMPATH/View/View.php(213): include('APPPATH/Views/pages/home_content.php')
 3 SYSTEMPATH/View/View.php(216): CodeIgniter\View\View->CodeIgniter\View\{closure}()
 4 SYSTEMPATH/Common.php(1134): CodeIgniter\View\View->render()
 5 APPPATH/Controllers/FbController.php(89): view()
 6 SYSTEMPATH/CodeIgniter.php(927): App\Controllers\FbController->home()
 7 SYSTEMPATH/CodeIgniter.php(482): CodeIgniter\CodeIgniter->runController()
 8 SYSTEMPATH/CodeIgniter.php(351): CodeIgniter\CodeIgniter->handleRequest()
 9 FCPATH/index.php(67): CodeIgniter\CodeIgniter->run()
CRITICAL - 2022-12-25 23:22:46 --> syntax error, unexpected 'echo' (T_ECHO)
in APPPATH/Views/pages/home_content.php on line 140.
 1 SYSTEMPATH/View/View.php(216): CodeIgniter\View\View->CodeIgniter\View\{closure}()
 2 SYSTEMPATH/Common.php(1134): CodeIgniter\View\View->render()
 3 APPPATH/Controllers/FbController.php(89): view()
 4 SYSTEMPATH/CodeIgniter.php(927): App\Controllers\FbController->home()
 5 SYSTEMPATH/CodeIgniter.php(482): CodeIgniter\CodeIgniter->runController()
 6 SYSTEMPATH/CodeIgniter.php(351): CodeIgniter\CodeIgniter->handleRequest()
 7 FCPATH/index.php(67): CodeIgniter\CodeIgniter->run()
CRITICAL - 2022-12-25 23:25:04 --> syntax error, unexpected ')'
in APPPATH/Views/pages/home_content.php on line 143.
 1 SYSTEMPATH/View/View.php(216): CodeIgniter\View\View->CodeIgniter\View\{closure}()
 2 SYSTEMPATH/Common.php(1134): CodeIgniter\View\View->render()
 3 APPPATH/Controllers/FbController.php(89): view()
 4 SYSTEMPATH/CodeIgniter.php(927): App\Controllers\FbController->home()
 5 SYSTEMPATH/CodeIgniter.php(482): CodeIgniter\CodeIgniter->runController()
 6 SYSTEMPATH/CodeIgniter.php(351): CodeIgniter\CodeIgniter->handleRequest()
 7 FCPATH/index.php(67): CodeIgniter\CodeIgniter->run()
CRITICAL - 2022-12-25 23:30:48 --> Undefined index: image
in APPPATH/Models/RegisterModel.php on line 130.
 1 APPPATH/Models/RegisterModel.php(130): CodeIgniter\Debug\Exceptions->errorHandler()
 2 APPPATH/Controllers/FbController.php(290): App\Models\RegisterModel->uploadPost()
 3 SYSTEMPATH/CodeIgniter.php(927): App\Controllers\FbController->uploadPost()
 4 SYSTEMPATH/CodeIgniter.php(482): CodeIgniter\CodeIgniter->runController()
 5 SYSTEMPATH/CodeIgniter.php(351): CodeIgniter\CodeIgniter->handleRequest()
 6 FCPATH/index.php(67): CodeIgniter\CodeIgniter->run()
CRITICAL - 2022-12-25 23:31:42 --> Undefined index: image
in APPPATH/Models/RegisterModel.php on line 130.
 1 APPPATH/Models/RegisterModel.php(130): CodeIgniter\Debug\Exceptions->errorHandler()
 2 APPPATH/Controllers/FbController.php(290): App\Models\RegisterModel->uploadPost()
 3 SYSTEMPATH/CodeIgniter.php(927): App\Controllers\FbController->uploadPost()
 4 SYSTEMPATH/CodeIgniter.php(482): CodeIgniter\CodeIgniter->runController()
 5 SYSTEMPATH/CodeIgniter.php(351): CodeIgniter\CodeIgniter->handleRequest()
 6 FCPATH/index.php(67): CodeIgniter\CodeIgniter->run()
CRITICAL - 2022-12-25 23:41:14 --> count(): Parameter must be an array or an object that implements Countable
in APPPATH/Views/pages/home_content.php on line 130.
 1 APPPATH/Views/pages/home_content.php(130): CodeIgniter\Debug\Exceptions->errorHandler()
 2 SYSTEMPATH/View/View.php(213): include('APPPATH/Views/pages/home_content.php')
 3 SYSTEMPATH/View/View.php(216): CodeIgniter\View\View->CodeIgniter\View\{closure}()
 4 SYSTEMPATH/Common.php(1134): CodeIgniter\View\View->render()
 5 APPPATH/Controllers/FbController.php(89): view()
 6 SYSTEMPATH/CodeIgniter.php(927): App\Controllers\FbController->home()
 7 SYSTEMPATH/CodeIgniter.php(482): CodeIgniter\CodeIgniter->runController()
 8 SYSTEMPATH/CodeIgniter.php(351): CodeIgniter\CodeIgniter->handleRequest()
 9 FCPATH/index.php(67): CodeIgniter\CodeIgniter->run()
CRITICAL - 2022-12-25 23:59:38 --> Illegal offset type
in APPPATH/Views/pages/home_content.php on line 133.
 1 APPPATH/Views/pages/home_content.php(133): CodeIgniter\Debug\Exceptions->errorHandler()
 2 SYSTEMPATH/View/View.php(213): include('APPPATH/Views/pages/home_content.php')
 3 SYSTEMPATH/View/View.php(216): CodeIgniter\View\View->CodeIgniter\View\{closure}()
 4 SYSTEMPATH/Common.php(1134): CodeIgniter\View\View->render()
 5 APPPATH/Controllers/FbController.php(89): view()
 6 SYSTEMPATH/CodeIgniter.php(927): App\Controllers\FbController->home()
 7 SYSTEMPATH/CodeIgniter.php(482): CodeIgniter\CodeIgniter->runController()
 8 SYSTEMPATH/CodeIgniter.php(351): CodeIgniter\CodeIgniter->handleRequest()
 9 FCPATH/index.php(67): CodeIgniter\CodeIgniter->run()
