CRITICAL - 2022-12-28 01:30:31 --> Undefined variable: query
in APPPATH/Models/RegisterModel.php on line 249.
 1 APPPATH/Models/RegisterModel.php(249): CodeIgniter\Debug\Exceptions->errorHandler()
 2 APPPATH/Controllers/FbController.php(389): App\Models\RegisterModel->newPassword()
 3 SYSTEMPATH/CodeIgniter.php(927): App\Controllers\FbController->changePassword()
 4 SYSTEMPATH/CodeIgniter.php(482): CodeIgniter\CodeIgniter->runController()
 5 SYSTEMPATH/CodeIgniter.php(351): CodeIgniter\CodeIgniter->handleRequest()
 6 FCPATH/index.php(67): CodeIgniter\CodeIgniter->run()
CRITICAL - 2022-12-28 01:31:10 --> Call to undefined method CodeIgniter\Database\MySQLi\Builder::result_array()
in APPPATH/Models/RegisterModel.php on line 249.
 1 APPPATH/Controllers/FbController.php(389): App\Models\RegisterModel->newPassword()
 2 SYSTEMPATH/CodeIgniter.php(927): App\Controllers\FbController->changePassword()
 3 SYSTEMPATH/CodeIgniter.php(482): CodeIgniter\CodeIgniter->runController()
 4 SYSTEMPATH/CodeIgniter.php(351): CodeIgniter\CodeIgniter->handleRequest()
 5 FCPATH/index.php(67): CodeIgniter\CodeIgniter->run()
CRITICAL - 2022-12-28 01:31:27 --> Call to undefined method CodeIgniter\Database\MySQLi\Builder::resultArray()
in APPPATH/Models/RegisterModel.php on line 249.
 1 APPPATH/Controllers/FbController.php(389): App\Models\RegisterModel->newPassword()
 2 SYSTEMPATH/CodeIgniter.php(927): App\Controllers\FbController->changePassword()
 3 SYSTEMPATH/CodeIgniter.php(482): CodeIgniter\CodeIgniter->runController()
 4 SYSTEMPATH/CodeIgniter.php(351): CodeIgniter\CodeIgniter->handleRequest()
 5 FCPATH/index.php(67): CodeIgniter\CodeIgniter->run()
CRITICAL - 2022-12-28 01:32:31 --> Call to undefined method CodeIgniter\Database\MySQLi\Builder::getResultArray()
in APPPATH/Models/RegisterModel.php on line 249.
 1 APPPATH/Controllers/FbController.php(389): App\Models\RegisterModel->newPassword()
 2 SYSTEMPATH/CodeIgniter.php(927): App\Controllers\FbController->changePassword()
 3 SYSTEMPATH/CodeIgniter.php(482): CodeIgniter\CodeIgniter->runController()
 4 SYSTEMPATH/CodeIgniter.php(351): CodeIgniter\CodeIgniter->handleRequest()
 5 FCPATH/index.php(67): CodeIgniter\CodeIgniter->run()
CRITICAL - 2022-12-28 01:33:50 --> Call to undefined method CodeIgniter\Database\MySQLi\Builder::getRow()
in APPPATH/Models/RegisterModel.php on line 252.
 1 APPPATH/Controllers/FbController.php(389): App\Models\RegisterModel->newPassword()
 2 SYSTEMPATH/CodeIgniter.php(927): App\Controllers\FbController->changePassword()
 3 SYSTEMPATH/CodeIgniter.php(482): CodeIgniter\CodeIgniter->runController()
 4 SYSTEMPATH/CodeIgniter.php(351): CodeIgniter\CodeIgniter->handleRequest()
 5 FCPATH/index.php(67): CodeIgniter\CodeIgniter->run()
CRITICAL - 2022-12-28 01:45:09 --> syntax error, unexpected '$result2' (T_VARIABLE), expecting ';'
in APPPATH/Controllers/FbController.php on line 403.
 1 SYSTEMPATH/Autoloader/Autoloader.php(259): CodeIgniter\Autoloader\Autoloader->includeFile()
 2 SYSTEMPATH/Autoloader/Autoloader.php(237): CodeIgniter\Autoloader\Autoloader->loadInNamespace()
 3 [internal function]: CodeIgniter\Autoloader\Autoloader->loadClass()
 4 [internal function]: spl_autoload_call()
 5 SYSTEMPATH/CodeIgniter.php(877): class_exists()
 6 SYSTEMPATH/CodeIgniter.php(469): CodeIgniter\CodeIgniter->startController()
 7 SYSTEMPATH/CodeIgniter.php(351): CodeIgniter\CodeIgniter->handleRequest()
 8 FCPATH/index.php(67): CodeIgniter\CodeIgniter->run()
CRITICAL - 2022-12-28 01:45:30 --> Object of class CodeIgniter\HTTP\Response could not be converted to string
in APPPATH/Controllers/FbController.php on line 403.
 1 SYSTEMPATH/CodeIgniter.php(927): App\Controllers\FbController->changePassword()
 2 SYSTEMPATH/CodeIgniter.php(482): CodeIgniter\CodeIgniter->runController()
 3 SYSTEMPATH/CodeIgniter.php(351): CodeIgniter\CodeIgniter->handleRequest()
 4 FCPATH/index.php(67): CodeIgniter\CodeIgniter->run()
CRITICAL - 2022-12-28 01:59:48 --> Cannot use object of type CodeIgniter\HTTP\Response as array
in APPPATH/Controllers/FbController.php on line 393.
 1 SYSTEMPATH/CodeIgniter.php(927): App\Controllers\FbController->changePassword()
 2 SYSTEMPATH/CodeIgniter.php(482): CodeIgniter\CodeIgniter->runController()
 3 SYSTEMPATH/CodeIgniter.php(351): CodeIgniter\CodeIgniter->handleRequest()
 4 FCPATH/index.php(67): CodeIgniter\CodeIgniter->run()
CRITICAL - 2022-12-28 03:36:23 --> Undefined variable: newPass
in APPPATH/Models/RegisterModel.php on line 242.
 1 APPPATH/Models/RegisterModel.php(242): CodeIgniter\Debug\Exceptions->errorHandler()
 2 APPPATH/Models/RegisterModel.php(265): App\Models\RegisterModel->newPassword()
 3 APPPATH/Controllers/FbController.php(391): App\Models\RegisterModel->checkEmail()
 4 SYSTEMPATH/CodeIgniter.php(927): App\Controllers\FbController->changePassword()
 5 SYSTEMPATH/CodeIgniter.php(482): CodeIgniter\CodeIgniter->runController()
 6 SYSTEMPATH/CodeIgniter.php(351): CodeIgniter\CodeIgniter->handleRequest()
 7 FCPATH/index.php(67): CodeIgniter\CodeIgniter->run()
