ERROR - 2022-12-15 01:16:44 --> mysqli_sql_exception: You have an error in your SQL syntax; check the manual that corresponds to your MariaDB server version for the right syntax to use near ''')' at line 1 in C:\xampp\htdocs\Showcase\ci4\system\Database\MySQLi\Connection.php:292
Stack trace:
#0 C:\xampp\htdocs\Showcase\ci4\system\Database\MySQLi\Connection.php(292): mysqli->query('INSERT INTO `us...', 0)
#1 C:\xampp\htdocs\Showcase\ci4\system\Database\BaseConnection.php(666): CodeIgniter\Database\MySQLi\Connection->execute('INSERT INTO `us...')
#2 C:\xampp\htdocs\Showcase\ci4\system\Database\BaseConnection.php(593): CodeIgniter\Database\BaseConnection->simpleQuery('INSERT INTO `us...')
#3 C:\xampp\htdocs\Showcase\ci4\app\Models\RegisterModel.php(26): CodeIgniter\Database\BaseConnection->query('INSERT INTO `us...')
#4 C:\xampp\htdocs\Showcase\ci4\app\Controllers\FbController.php(46): App\Models\RegisterModel->getdetails(Array)
#5 C:\xampp\htdocs\Showcase\ci4\system\CodeIgniter.php(927): App\Controllers\FbController->add()
#6 C:\xampp\htdocs\Showcase\ci4\system\CodeIgniter.php(482): CodeIgniter\CodeIgniter->runController(Object(App\Controllers\FbController))
#7 C:\xampp\htdocs\Showcase\ci4\system\CodeIgniter.php(351): CodeIgniter\CodeIgniter->handleRequest(NULL, Object(Config\Cache), false)
#8 C:\xampp\htdocs\Showcase\ci4\public\index.php(67): CodeIgniter\CodeIgniter->run()
#9 {main}
CRITICAL - 2022-12-15 01:16:44 --> You have an error in your SQL syntax; check the manual that corresponds to your MariaDB server version for the right syntax to use near ''')' at line 1
in SYSTEMPATH\Database\MySQLi\Connection.php on line 292.
 1 SYSTEMPATH\Database\MySQLi\Connection.php(292): mysqli->query('INSERT INTO `user_details` (name,email,address,mobile_number,password) values (\'\',\'\',\'\',,\'\')', 0)
 2 SYSTEMPATH\Database\BaseConnection.php(666): CodeIgniter\Database\MySQLi\Connection->execute('INSERT INTO `user_details` (name,email,address,mobile_number,password) values (\'\',\'\',\'\',,\'\')')
 3 SYSTEMPATH\Database\BaseConnection.php(593): CodeIgniter\Database\BaseConnection->simpleQuery('INSERT INTO `user_details` (name,email,address,mobile_number,password) values (\'\',\'\',\'\',,\'\')')
 4 APPPATH\Models\RegisterModel.php(26): CodeIgniter\Database\BaseConnection->query('INSERT INTO `user_details` (name,email,address,mobile_number,password) values (\'\',\'\',\'\',,\'\')')
 5 APPPATH\Controllers\FbController.php(46): App\Models\RegisterModel->getdetails([...])
 6 SYSTEMPATH\CodeIgniter.php(927): App\Controllers\FbController->add()
 7 SYSTEMPATH\CodeIgniter.php(482): CodeIgniter\CodeIgniter->runController(Object(App\Controllers\FbController))
 8 SYSTEMPATH\CodeIgniter.php(351): CodeIgniter\CodeIgniter->handleRequest(null, Object(Config\Cache), false)
 9 FCPATH\index.php(67): CodeIgniter\CodeIgniter->run()
CRITICAL - 2022-12-15 01:36:59 --> syntax error, unexpected token ":", expecting "]"
in APPPATH\Controllers\FbController.php on line 178.
 1 SYSTEMPATH\Autoloader\Autoloader.php(259): CodeIgniter\Autoloader\Autoloader->includeFile('APPPATH\\Controllers\\FbController.php')
 2 SYSTEMPATH\Autoloader\Autoloader.php(237): CodeIgniter\Autoloader\Autoloader->loadInNamespace('App\\Controllers\\FbController')
 3 [internal function]: CodeIgniter\Autoloader\Autoloader->loadClass('App\\Controllers\\FbController')
 4 SYSTEMPATH\CodeIgniter.php(877): class_exists('\\App\\Controllers\\FbController', true)
 5 SYSTEMPATH\CodeIgniter.php(469): CodeIgniter\CodeIgniter->startController()
 6 SYSTEMPATH\CodeIgniter.php(351): CodeIgniter\CodeIgniter->handleRequest(null, Object(Config\Cache), false)
 7 FCPATH\index.php(67): CodeIgniter\CodeIgniter->run()
CRITICAL - 2022-12-15 01:37:00 --> syntax error, unexpected token ":", expecting "]"
in APPPATH\Controllers\FbController.php on line 178.
 1 SYSTEMPATH\Autoloader\Autoloader.php(259): CodeIgniter\Autoloader\Autoloader->includeFile('APPPATH\\Controllers\\FbController.php')
 2 SYSTEMPATH\Autoloader\Autoloader.php(237): CodeIgniter\Autoloader\Autoloader->loadInNamespace('App\\Controllers\\FbController')
 3 [internal function]: CodeIgniter\Autoloader\Autoloader->loadClass('App\\Controllers\\FbController')
 4 SYSTEMPATH\CodeIgniter.php(877): class_exists('\\App\\Controllers\\FbController', true)
 5 SYSTEMPATH\CodeIgniter.php(469): CodeIgniter\CodeIgniter->startController()
 6 SYSTEMPATH\CodeIgniter.php(351): CodeIgniter\CodeIgniter->handleRequest(null, Object(Config\Cache), false)
 7 FCPATH\index.php(67): CodeIgniter\CodeIgniter->run()
CRITICAL - 2022-12-15 01:37:57 --> Too few arguments to function CodeIgniter\Session\Session::remove(), 0 passed in C:\xampp\htdocs\Showcase\ci4\app\Controllers\FbController.php on line 177 and exactly 1 expected
in SYSTEMPATH\Session\Session.php on line 546.
 1 APPPATH\Controllers\FbController.php(177): CodeIgniter\Session\Session->remove()
 2 SYSTEMPATH\CodeIgniter.php(927): App\Controllers\FbController->logout()
 3 SYSTEMPATH\CodeIgniter.php(482): CodeIgniter\CodeIgniter->runController(Object(App\Controllers\FbController))
 4 SYSTEMPATH\CodeIgniter.php(351): CodeIgniter\CodeIgniter->handleRequest(null, Object(Config\Cache), false)
 5 FCPATH\index.php(67): CodeIgniter\CodeIgniter->run()
CRITICAL - 2022-12-15 01:37:59 --> Too few arguments to function CodeIgniter\Session\Session::remove(), 0 passed in C:\xampp\htdocs\Showcase\ci4\app\Controllers\FbController.php on line 177 and exactly 1 expected
in SYSTEMPATH\Session\Session.php on line 546.
 1 APPPATH\Controllers\FbController.php(177): CodeIgniter\Session\Session->remove()
 2 SYSTEMPATH\CodeIgniter.php(927): App\Controllers\FbController->logout()
 3 SYSTEMPATH\CodeIgniter.php(482): CodeIgniter\CodeIgniter->runController(Object(App\Controllers\FbController))
 4 SYSTEMPATH\CodeIgniter.php(351): CodeIgniter\CodeIgniter->handleRequest(null, Object(Config\Cache), false)
 5 FCPATH\index.php(67): CodeIgniter\CodeIgniter->run()
CRITICAL - 2022-12-15 01:37:59 --> Too few arguments to function CodeIgniter\Session\Session::remove(), 0 passed in C:\xampp\htdocs\Showcase\ci4\app\Controllers\FbController.php on line 177 and exactly 1 expected
in SYSTEMPATH\Session\Session.php on line 546.
 1 APPPATH\Controllers\FbController.php(177): CodeIgniter\Session\Session->remove()
 2 SYSTEMPATH\CodeIgniter.php(927): App\Controllers\FbController->logout()
 3 SYSTEMPATH\CodeIgniter.php(482): CodeIgniter\CodeIgniter->runController(Object(App\Controllers\FbController))
 4 SYSTEMPATH\CodeIgniter.php(351): CodeIgniter\CodeIgniter->handleRequest(null, Object(Config\Cache), false)
 5 FCPATH\index.php(67): CodeIgniter\CodeIgniter->run()
CRITICAL - 2022-12-15 01:38:00 --> Too few arguments to function CodeIgniter\Session\Session::remove(), 0 passed in C:\xampp\htdocs\Showcase\ci4\app\Controllers\FbController.php on line 177 and exactly 1 expected
in SYSTEMPATH\Session\Session.php on line 546.
 1 APPPATH\Controllers\FbController.php(177): CodeIgniter\Session\Session->remove()
 2 SYSTEMPATH\CodeIgniter.php(927): App\Controllers\FbController->logout()
 3 SYSTEMPATH\CodeIgniter.php(482): CodeIgniter\CodeIgniter->runController(Object(App\Controllers\FbController))
 4 SYSTEMPATH\CodeIgniter.php(351): CodeIgniter\CodeIgniter->handleRequest(null, Object(Config\Cache), false)
 5 FCPATH\index.php(67): CodeIgniter\CodeIgniter->run()
CRITICAL - 2022-12-15 01:38:00 --> Too few arguments to function CodeIgniter\Session\Session::remove(), 0 passed in C:\xampp\htdocs\Showcase\ci4\app\Controllers\FbController.php on line 177 and exactly 1 expected
in SYSTEMPATH\Session\Session.php on line 546.
 1 APPPATH\Controllers\FbController.php(177): CodeIgniter\Session\Session->remove()
 2 SYSTEMPATH\CodeIgniter.php(927): App\Controllers\FbController->logout()
 3 SYSTEMPATH\CodeIgniter.php(482): CodeIgniter\CodeIgniter->runController(Object(App\Controllers\FbController))
 4 SYSTEMPATH\CodeIgniter.php(351): CodeIgniter\CodeIgniter->handleRequest(null, Object(Config\Cache), false)
 5 FCPATH\index.php(67): CodeIgniter\CodeIgniter->run()
CRITICAL - 2022-12-15 01:38:00 --> Too few arguments to function CodeIgniter\Session\Session::remove(), 0 passed in C:\xampp\htdocs\Showcase\ci4\app\Controllers\FbController.php on line 177 and exactly 1 expected
in SYSTEMPATH\Session\Session.php on line 546.
 1 APPPATH\Controllers\FbController.php(177): CodeIgniter\Session\Session->remove()
 2 SYSTEMPATH\CodeIgniter.php(927): App\Controllers\FbController->logout()
 3 SYSTEMPATH\CodeIgniter.php(482): CodeIgniter\CodeIgniter->runController(Object(App\Controllers\FbController))
 4 SYSTEMPATH\CodeIgniter.php(351): CodeIgniter\CodeIgniter->handleRequest(null, Object(Config\Cache), false)
 5 FCPATH\index.php(67): CodeIgniter\CodeIgniter->run()
CRITICAL - 2022-12-15 01:38:00 --> Too few arguments to function CodeIgniter\Session\Session::remove(), 0 passed in C:\xampp\htdocs\Showcase\ci4\app\Controllers\FbController.php on line 177 and exactly 1 expected
in SYSTEMPATH\Session\Session.php on line 546.
 1 APPPATH\Controllers\FbController.php(177): CodeIgniter\Session\Session->remove()
 2 SYSTEMPATH\CodeIgniter.php(927): App\Controllers\FbController->logout()
 3 SYSTEMPATH\CodeIgniter.php(482): CodeIgniter\CodeIgniter->runController(Object(App\Controllers\FbController))
 4 SYSTEMPATH\CodeIgniter.php(351): CodeIgniter\CodeIgniter->handleRequest(null, Object(Config\Cache), false)
 5 FCPATH\index.php(67): CodeIgniter\CodeIgniter->run()
CRITICAL - 2022-12-15 01:38:00 --> Too few arguments to function CodeIgniter\Session\Session::remove(), 0 passed in C:\xampp\htdocs\Showcase\ci4\app\Controllers\FbController.php on line 177 and exactly 1 expected
in SYSTEMPATH\Session\Session.php on line 546.
 1 APPPATH\Controllers\FbController.php(177): CodeIgniter\Session\Session->remove()
 2 SYSTEMPATH\CodeIgniter.php(927): App\Controllers\FbController->logout()
 3 SYSTEMPATH\CodeIgniter.php(482): CodeIgniter\CodeIgniter->runController(Object(App\Controllers\FbController))
 4 SYSTEMPATH\CodeIgniter.php(351): CodeIgniter\CodeIgniter->handleRequest(null, Object(Config\Cache), false)
 5 FCPATH\index.php(67): CodeIgniter\CodeIgniter->run()
CRITICAL - 2022-12-15 01:38:01 --> Too few arguments to function CodeIgniter\Session\Session::remove(), 0 passed in C:\xampp\htdocs\Showcase\ci4\app\Controllers\FbController.php on line 177 and exactly 1 expected
in SYSTEMPATH\Session\Session.php on line 546.
 1 APPPATH\Controllers\FbController.php(177): CodeIgniter\Session\Session->remove()
 2 SYSTEMPATH\CodeIgniter.php(927): App\Controllers\FbController->logout()
 3 SYSTEMPATH\CodeIgniter.php(482): CodeIgniter\CodeIgniter->runController(Object(App\Controllers\FbController))
 4 SYSTEMPATH\CodeIgniter.php(351): CodeIgniter\CodeIgniter->handleRequest(null, Object(Config\Cache), false)
 5 FCPATH\index.php(67): CodeIgniter\CodeIgniter->run()
CRITICAL - 2022-12-15 01:38:42 --> Too few arguments to function CodeIgniter\Session\Session::remove(), 0 passed in C:\xampp\htdocs\Showcase\ci4\app\Controllers\FbController.php on line 177 and exactly 1 expected
in SYSTEMPATH\Session\Session.php on line 546.
 1 APPPATH\Controllers\FbController.php(177): CodeIgniter\Session\Session->remove()
 2 SYSTEMPATH\CodeIgniter.php(927): App\Controllers\FbController->logout()
 3 SYSTEMPATH\CodeIgniter.php(482): CodeIgniter\CodeIgniter->runController(Object(App\Controllers\FbController))
 4 SYSTEMPATH\CodeIgniter.php(351): CodeIgniter\CodeIgniter->handleRequest(null, Object(Config\Cache), false)
 5 FCPATH\index.php(67): CodeIgniter\CodeIgniter->run()
CRITICAL - 2022-12-15 01:41:05 --> Too few arguments to function CodeIgniter\Session\Session::remove(), 0 passed in C:\xampp\htdocs\Showcase\ci4\app\Controllers\FbController.php on line 177 and exactly 1 expected
in SYSTEMPATH\Session\Session.php on line 546.
 1 APPPATH\Controllers\FbController.php(177): CodeIgniter\Session\Session->remove()
 2 SYSTEMPATH\CodeIgniter.php(927): App\Controllers\FbController->logout()
 3 SYSTEMPATH\CodeIgniter.php(482): CodeIgniter\CodeIgniter->runController(Object(App\Controllers\FbController))
 4 SYSTEMPATH\CodeIgniter.php(351): CodeIgniter\CodeIgniter->handleRequest(null, Object(Config\Cache), false)
 5 FCPATH\index.php(67): CodeIgniter\CodeIgniter->run()
CRITICAL - 2022-12-15 01:41:55 --> Too few arguments to function CodeIgniter\Session\Session::remove(), 0 passed in C:\xampp\htdocs\Showcase\ci4\app\Controllers\FbController.php on line 177 and exactly 1 expected
in SYSTEMPATH\Session\Session.php on line 546.
 1 APPPATH\Controllers\FbController.php(177): CodeIgniter\Session\Session->remove()
 2 SYSTEMPATH\CodeIgniter.php(927): App\Controllers\FbController->logout()
 3 SYSTEMPATH\CodeIgniter.php(482): CodeIgniter\CodeIgniter->runController(Object(App\Controllers\FbController))
 4 SYSTEMPATH\CodeIgniter.php(351): CodeIgniter\CodeIgniter->handleRequest(null, Object(Config\Cache), false)
 5 FCPATH\index.php(67): CodeIgniter\CodeIgniter->run()
CRITICAL - 2022-12-15 01:44:23 --> Too few arguments to function CodeIgniter\Session\Session::remove(), 0 passed in C:\xampp\htdocs\Showcase\ci4\app\Controllers\FbController.php on line 177 and exactly 1 expected
in SYSTEMPATH\Session\Session.php on line 546.
 1 APPPATH\Controllers\FbController.php(177): CodeIgniter\Session\Session->remove()
 2 SYSTEMPATH\CodeIgniter.php(927): App\Controllers\FbController->logout()
 3 SYSTEMPATH\CodeIgniter.php(482): CodeIgniter\CodeIgniter->runController(Object(App\Controllers\FbController))
 4 SYSTEMPATH\CodeIgniter.php(351): CodeIgniter\CodeIgniter->handleRequest(null, Object(Config\Cache), false)
 5 FCPATH\index.php(67): CodeIgniter\CodeIgniter->run()
CRITICAL - 2022-12-15 01:47:49 --> Undefined variable $data
in APPPATH\Controllers\FbController.php on line 178.
 1 APPPATH\Controllers\FbController.php(178): CodeIgniter\Debug\Exceptions->errorHandler(2, 'Undefined variable $data', 'APPPATH\\Controllers\\FbController.php', 178)
 2 SYSTEMPATH\CodeIgniter.php(927): App\Controllers\FbController->logout()
 3 SYSTEMPATH\CodeIgniter.php(482): CodeIgniter\CodeIgniter->runController(Object(App\Controllers\FbController))
 4 SYSTEMPATH\CodeIgniter.php(351): CodeIgniter\CodeIgniter->handleRequest(null, Object(Config\Cache), false)
 5 FCPATH\index.php(67): CodeIgniter\CodeIgniter->run()
CRITICAL - 2022-12-15 11:08:31 --> session_start(): Failed to decode session object. Session has been destroyed
in SYSTEMPATH\Session\Session.php on line 912.
 1 [internal function]: CodeIgniter\Debug\Exceptions->errorHandler(2, 'session_start(): Failed to decode session object. Session has been destroyed', 'SYSTEMPATH\\Session\\Session.php', 912)
 2 SYSTEMPATH\Session\Session.php(912): session_start()
 3 SYSTEMPATH\Session\Session.php(234): CodeIgniter\Session\Session->startSession()
 4 SYSTEMPATH\Config\Services.php(665): CodeIgniter\Session\Session->start()
 5 SYSTEMPATH\Config\BaseService.php(253): CodeIgniter\Config\Services::session(Object(Config\App), false)
 6 SYSTEMPATH\Config\BaseService.php(194): CodeIgniter\Config\BaseService::__callStatic('session', [...])
 7 SYSTEMPATH\Config\Services.php(637): CodeIgniter\Config\BaseService::getSharedInstance('session', null)
 8 SYSTEMPATH\Config\BaseService.php(253): CodeIgniter\Config\Services::session()
 9 APPPATH\Controllers\FbController.php(21): CodeIgniter\Config\BaseService::__callStatic('session', [])
10 SYSTEMPATH\CodeIgniter.php(889): App\Controllers\FbController->__construct()
11 SYSTEMPATH\CodeIgniter.php(473): CodeIgniter\CodeIgniter->createController()
12 SYSTEMPATH\CodeIgniter.php(351): CodeIgniter\CodeIgniter->handleRequest(null, Object(Config\Cache), false)
13 FCPATH\index.php(67): CodeIgniter\CodeIgniter->run()
